Using pre-set license
Built from '2021.3/staging' branch; Version is '2021.3.23f1 (213b516bf396) revision 2177873'; Using compiler version '192829333'; Build Type 'Release'
OS: 'Windows 10  (10.0.19045) 64bit Core' Language: 'en' Physical Memory: 32694 MB
BatchMode: 1, IsHumanControllingUs: 0, StartBugReporterOnCrash: 0, Is64bit: 1, IsPro: 1

COMMAND LINE ARGUMENTS:
C:\Program Files\Unity\Hub\Editor\2021.3.23f1\Editor\Unity.exe
-adb2
-batchMode
-noUpm
-name
AssetImportWorker2
-projectPath
C:/Users/ville/Documents/GitHub/FPSGame/FPSGame
-logFile
Logs/AssetImportWorker2.log
-srvPort
50508
Successfully changed project path to: C:/Users/ville/Documents/GitHub/FPSGame/FPSGame
C:/Users/ville/Documents/GitHub/FPSGame/FPSGame
[UnityMemory] Configuration Parameters - Can be set up in boot.config
    "memorysetup-bucket-allocator-granularity=16"
    "memorysetup-bucket-allocator-bucket-count=8"
    "memorysetup-bucket-allocator-block-size=33554432"
    "memorysetup-bucket-allocator-block-count=8"
    "memorysetup-main-allocator-block-size=16777216"
    "memorysetup-thread-allocator-block-size=16777216"
    "memorysetup-gfx-main-allocator-block-size=16777216"
    "memorysetup-gfx-thread-allocator-block-size=16777216"
    "memorysetup-cache-allocator-block-size=4194304"
    "memorysetup-typetree-allocator-block-size=2097152"
    "memorysetup-profiler-bucket-allocator-granularity=16"
    "memorysetup-profiler-bucket-allocator-bucket-count=8"
    "memorysetup-profiler-bucket-allocator-block-size=33554432"
    "memorysetup-profiler-bucket-allocator-block-count=8"
    "memorysetup-profiler-allocator-block-size=16777216"
    "memorysetup-profiler-editor-allocator-block-size=1048576"
    "memorysetup-temp-allocator-size-main=16777216"
    "memorysetup-job-temp-allocator-block-size=2097152"
    "memorysetup-job-temp-allocator-block-size-background=1048576"
    "memorysetup-job-temp-allocator-reduction-small-platforms=262144"
    "memorysetup-temp-allocator-size-background-worker=32768"
    "memorysetup-temp-allocator-size-job-worker=262144"
    "memorysetup-temp-allocator-size-preload-manager=33554432"
    "memorysetup-temp-allocator-size-nav-mesh-worker=65536"
    "memorysetup-temp-allocator-size-audio-worker=65536"
    "memorysetup-temp-allocator-size-cloud-worker=32768"
    "memorysetup-temp-allocator-size-gi-baking-worker=262144"
    "memorysetup-temp-allocator-size-gfx=262144"
Player connection [3280] Host "[IP] 192.168.68.131 [Port] 0 [Flags] 2 [Guid] 2733952994 [EditorId] 2733952994 [Version] 1048832 [Id] WindowsEditor(7,DESKTOP-KM66OTU) [Debug] 1 [PackageName] WindowsEditor [ProjectName] Editor" joined multi-casting on [225.0.0.222:54997]...

Player connection [3280] Host "[IP] 192.168.68.131 [Port] 0 [Flags] 2 [Guid] 2733952994 [EditorId] 2733952994 [Version] 1048832 [Id] WindowsEditor(7,DESKTOP-KM66OTU) [Debug] 1 [PackageName] WindowsEditor [ProjectName] Editor" joined alternative multi-casting on [225.0.0.222:34997]...

Refreshing native plugins compatible for Editor in 65.51 ms, found 3 plugins.
Preloading 0 native plugins for Editor in 0.00 ms.
Initialize engine version: 2021.3.23f1 (213b516bf396)
[Subsystems] Discovering subsystems at path C:/Program Files/Unity/Hub/Editor/2021.3.23f1/Editor/Data/Resources/UnitySubsystems
[Subsystems] Discovering subsystems at path C:/Users/ville/Documents/GitHub/FPSGame/FPSGame/Assets
GfxDevice: creating device client; threaded=0; jobified=0
Direct3D:
    Version:  Direct3D 11.0 [level 11.1]
    Renderer: NVIDIA GeForce RTX 3080 Ti (ID=0x2208)
    Vendor:   NVIDIA
    VRAM:     12100 MB
    Driver:   31.0.15.3623
Initialize mono
Mono path[0] = 'C:/Program Files/Unity/Hub/Editor/2021.3.23f1/Editor/Data/Managed'
Mono path[1] = 'C:/Program Files/Unity/Hub/Editor/2021.3.23f1/Editor/Data/MonoBleedingEdge/lib/mono/unityjit-win32'
Mono config path = 'C:/Program Files/Unity/Hub/Editor/2021.3.23f1/Editor/Data/MonoBleedingEdge/etc'
Using monoOptions --debugger-agent=transport=dt_socket,embedding=1,server=y,suspend=n,address=127.0.0.1:56184
Begin MonoManager ReloadAssembly
Registering precompiled unity dll's ...
Register platform support module: C:/Program Files/Unity/Hub/Editor/2021.3.23f1/Editor/Data/PlaybackEngines/WindowsStandaloneSupport/UnityEditor.WindowsStandalone.Extensions.dll
Registered in 0.006827 seconds.
Native extension for WindowsStandalone target not found
Refreshing native plugins compatible for Editor in 61.03 ms, found 3 plugins.
Preloading 0 native plugins for Editor in 0.00 ms.
Mono: successfully reloaded assembly
- Completed reload, in  0.463 seconds
Domain Reload Profiling:
	ReloadAssembly (463ms)
		BeginReloadAssembly (65ms)
			ExecutionOrderSort (0ms)
			DisableScriptedObjects (0ms)
			BackupInstance (0ms)
			ReleaseScriptingObjects (0ms)
			CreateAndSetChildDomain (1ms)
		EndReloadAssembly (321ms)
			LoadAssemblies (62ms)
			RebuildTransferFunctionScriptingTraits (0ms)
			SetupTypeCache (69ms)
			ReleaseScriptCaches (0ms)
			RebuildScriptCaches (17ms)
			SetupLoadedEditorAssemblies (197ms)
				LogAssemblyErrors (0ms)
				InitializePlatformSupportModulesInManaged (6ms)
				SetLoadedEditorAssemblies (0ms)
				RefreshPlugins (61ms)
				BeforeProcessingInitializeOnLoad (1ms)
				ProcessInitializeOnLoadAttributes (97ms)
				ProcessInitializeOnLoadMethodAttributes (31ms)
				AfterProcessingInitializeOnLoad (0ms)
				EditorAssembliesLoaded (0ms)
			ExecutionOrderSort2 (0ms)
			AwakeInstancesAfterBackupRestoration (0ms)
Platform modules already initialized, skipping
Registering precompiled user dll's ...
Registered in 0.004952 seconds.
Begin MonoManager ReloadAssembly
Symbol file LoadedFromMemory doesn't match image C:\Users\ville\Documents\GitHub\FPSGame\FPSGame\Library\PackageCache\com.unity.visualscripting@1.8.0\Editor\VisualScripting.Core\Dependencies\YamlDotNet\Unity.VisualScripting.YamlDotNet.dll
Symbol file LoadedFromMemory doesn't match image C:\Users\ville\Documents\GitHub\FPSGame\FPSGame\Library\PackageCache\com.unity.visualscripting@1.8.0\Editor\VisualScripting.Core\Dependencies\DotNetZip\Unity.VisualScripting.IonicZip.dll
Native extension for WindowsStandalone target not found
Refreshing native plugins compatible for Editor in 60.53 ms, found 3 plugins.
Preloading 0 native plugins for Editor in 0.00 ms.
Mono: successfully reloaded assembly
- Completed reload, in  0.943 seconds
Domain Reload Profiling:
	ReloadAssembly (944ms)
		BeginReloadAssembly (94ms)
			ExecutionOrderSort (0ms)
			DisableScriptedObjects (4ms)
			BackupInstance (0ms)
			ReleaseScriptingObjects (0ms)
			CreateAndSetChildDomain (14ms)
		EndReloadAssembly (771ms)
			LoadAssemblies (72ms)
			RebuildTransferFunctionScriptingTraits (0ms)
			SetupTypeCache (169ms)
			ReleaseScriptCaches (1ms)
			RebuildScriptCaches (34ms)
			SetupLoadedEditorAssemblies (477ms)
				LogAssemblyErrors (0ms)
				InitializePlatformSupportModulesInManaged (4ms)
				SetLoadedEditorAssemblies (0ms)
				RefreshPlugins (61ms)
				BeforeProcessingInitializeOnLoad (68ms)
				ProcessInitializeOnLoadAttributes (325ms)
				ProcessInitializeOnLoadMethodAttributes (12ms)
				AfterProcessingInitializeOnLoad (8ms)
				EditorAssembliesLoaded (0ms)
			ExecutionOrderSort2 (0ms)
			AwakeInstancesAfterBackupRestoration (4ms)
Platform modules already initialized, skipping
========================================================================
Worker process is ready to serve import requests
Launched and connected shader compiler UnityShaderCompiler.exe after 0.04 seconds
Refreshing native plugins compatible for Editor in 0.85 ms, found 3 plugins.
Preloading 0 native plugins for Editor in 0.00 ms.
Unloading 3452 Unused Serialized files (Serialized files now loaded: 0)
Unloading 27 unused Assets / (113.5 KB). Loaded Objects now: 3914.
Memory consumption went from 124.8 MB to 124.7 MB.
Total: 2.734100 ms (FindLiveObjects: 0.197500 ms CreateObjectMapping: 0.129400 ms MarkObjects: 2.336200 ms  DeleteObjects: 0.070500 ms)

AssetImportParameters requested are different than current active one (requested -> active):
  custom:video-decoder-ogg-theora: a1e56fd34408186e4bbccfd4996cb3dc -> 
  custom:container-muxer-webm: aa71ff27fc2769a1b78a27578f13a17b -> 
  custom:container-demuxer-webm: 4f35f7cbe854078d1ac9338744f61a02 -> 
  custom:video-encoder-webm-vp8: eb34c28f22e8b96e1ab97ce403110664 -> 
  custom:audio-encoder-webm-vorbis: bf7c407c2cedff20999df2af8eb42d56 -> 
  custom:framework-win-MediaFoundation: 216162199b28c13a410421893ffa2e32 -> 
  custom:container-demuxer-ogg: 62fdf1f143b41e24485cea50d1cbac27 -> 
  custom:video-decoder-webm-vp8: 9c59270c3fd7afecdb556c50c9e8de78 -> 
  custom:audio-decoder-ogg-vorbis: bf7c407c2cedff20999df2af8eb42d56 -> 
========================================================================
Received Import Request.
  Time since last request: 152610.318475 seconds.
  path: Assets/Materials/Lamp.mat
  artifactKey: Guid(5dffd96e80aeaf945bed1976099efdd9) Importer(815301076,1909f56bfc062723c751e8b465ee728b)
Start importing Assets/Materials/Lamp.mat using Guid(5dffd96e80aeaf945bed1976099efdd9) Importer(815301076,1909f56bfc062723c751e8b465ee728b)  -> (artifact id: '68263ab354464fc4c6880d10bd941b6a') in 0.075830 seconds 
========================================================================
Received Import Request.
  Time since last request: 6.585297 seconds.
  path: Assets/Materials/Lamp - Indoor.mat
  artifactKey: Guid(5dffd96e80aeaf945bed1976099efdd9) Importer(815301076,1909f56bfc062723c751e8b465ee728b)
Start importing Assets/Materials/Lamp - Indoor.mat using Guid(5dffd96e80aeaf945bed1976099efdd9) Importer(815301076,1909f56bfc062723c751e8b465ee728b)  -> (artifact id: 'b29a10a233f45177f25887a279c496c6') in 0.014760 seconds 
========================================================================
Received Import Request.
  Time since last request: 154.524378 seconds.
  path: Assets/Prefabs/Environment/Lamp.prefab
  artifactKey: Guid(686325dee0e6ddf42a5d925842868a39) Importer(815301076,1909f56bfc062723c751e8b465ee728b)
Start importing Assets/Prefabs/Environment/Lamp.prefab using Guid(686325dee0e6ddf42a5d925842868a39) Importer(815301076,1909f56bfc062723c751e8b465ee728b)  -> (artifact id: 'f5abcca70b55f31ce857aeb757f0696d') in 0.014139 seconds 
========================================================================
Received Import Request.
  Time since last request: 7.135891 seconds.
  path: Assets/Prefabs/Environment/Lamp.prefab
  artifactKey: Guid(686325dee0e6ddf42a5d925842868a39) Importer(815301076,1909f56bfc062723c751e8b465ee728b)
Start importing Assets/Prefabs/Environment/Lamp.prefab using Guid(686325dee0e6ddf42a5d925842868a39) Importer(815301076,1909f56bfc062723c751e8b465ee728b)  -> (artifact id: 'ffc22e1423096a5ff52dd782c2062e9f') in 0.014828 seconds 
========================================================================
Received Import Request.
  Time since last request: 4.858152 seconds.
  path: Assets/Prefabs/Environment/Lamp.prefab
  artifactKey: Guid(686325dee0e6ddf42a5d925842868a39) Importer(815301076,1909f56bfc062723c751e8b465ee728b)
Start importing Assets/Prefabs/Environment/Lamp.prefab using Guid(686325dee0e6ddf42a5d925842868a39) Importer(815301076,1909f56bfc062723c751e8b465ee728b)  -> (artifact id: '1db136784a90b0553095b657064de96a') in 0.008696 seconds 
========================================================================
Received Import Request.
  Time since last request: 0.796773 seconds.
  path: Assets/Prefabs/Environment/Lamp.prefab
  artifactKey: Guid(686325dee0e6ddf42a5d925842868a39) Importer(815301076,1909f56bfc062723c751e8b465ee728b)
Start importing Assets/Prefabs/Environment/Lamp.prefab using Guid(686325dee0e6ddf42a5d925842868a39) Importer(815301076,1909f56bfc062723c751e8b465ee728b)  -> (artifact id: 'b877afc4edc215a193ec82ba3f9d21ed') in 0.006308 seconds 
========================================================================
Received Import Request.
  Time since last request: 2.206253 seconds.
  path: Assets/Prefabs/Environment/Lamp.prefab
  artifactKey: Guid(686325dee0e6ddf42a5d925842868a39) Importer(815301076,1909f56bfc062723c751e8b465ee728b)
Start importing Assets/Prefabs/Environment/Lamp.prefab using Guid(686325dee0e6ddf42a5d925842868a39) Importer(815301076,1909f56bfc062723c751e8b465ee728b)  -> (artifact id: '45e8aecb5f888000d10783b741ab1fdc') in 0.011166 seconds 
========================================================================
Received Import Request.
  Time since last request: 1.606532 seconds.
  path: Assets/Prefabs/Environment/Lamp.prefab
  artifactKey: Guid(686325dee0e6ddf42a5d925842868a39) Importer(815301076,1909f56bfc062723c751e8b465ee728b)
Start importing Assets/Prefabs/Environment/Lamp.prefab using Guid(686325dee0e6ddf42a5d925842868a39) Importer(815301076,1909f56bfc062723c751e8b465ee728b)  -> (artifact id: 'b899dfca7d58dccb3738bb811a892bca') in 0.009206 seconds 
========================================================================
Received Import Request.
  Time since last request: 45.200388 seconds.
  path: Assets/Prefabs/Environment/Lamp.prefab
  artifactKey: Guid(686325dee0e6ddf42a5d925842868a39) Importer(815301076,1909f56bfc062723c751e8b465ee728b)
Start importing Assets/Prefabs/Environment/Lamp.prefab using Guid(686325dee0e6ddf42a5d925842868a39) Importer(815301076,1909f56bfc062723c751e8b465ee728b)  -> (artifact id: 'f703e8399fc4a1684947c22c8113b748') in 0.008685 seconds 
========================================================================
Received Import Request.
  Time since last request: 5.415916 seconds.
  path: Assets/Prefabs/Environment/Lamp.prefab
  artifactKey: Guid(686325dee0e6ddf42a5d925842868a39) Importer(815301076,1909f56bfc062723c751e8b465ee728b)
Start importing Assets/Prefabs/Environment/Lamp.prefab using Guid(686325dee0e6ddf42a5d925842868a39) Importer(815301076,1909f56bfc062723c751e8b465ee728b)  -> (artifact id: 'ee71f0540486a7e7c7a84cb32995d5c5') in 0.008523 seconds 
========================================================================
Received Import Request.
  Time since last request: 4.836844 seconds.
  path: Assets/Prefabs/Environment/Lamp.prefab
  artifactKey: Guid(686325dee0e6ddf42a5d925842868a39) Importer(815301076,1909f56bfc062723c751e8b465ee728b)
Start importing Assets/Prefabs/Environment/Lamp.prefab using Guid(686325dee0e6ddf42a5d925842868a39) Importer(815301076,1909f56bfc062723c751e8b465ee728b)  -> (artifact id: '63636420fc5b799f673d4e9f2ee09d7a') in 0.010020 seconds 
========================================================================
Received Import Request.
  Time since last request: 4.824030 seconds.
  path: Assets/Prefabs/Environment/Lamp.prefab
  artifactKey: Guid(686325dee0e6ddf42a5d925842868a39) Importer(815301076,1909f56bfc062723c751e8b465ee728b)
Start importing Assets/Prefabs/Environment/Lamp.prefab using Guid(686325dee0e6ddf42a5d925842868a39) Importer(815301076,1909f56bfc062723c751e8b465ee728b)  -> (artifact id: '81c462f7d02f3a85e70e290c09764013') in 0.026686 seconds 
========================================================================
Received Import Request.
  Time since last request: 91.184395 seconds.
  path: Assets/Prefabs/Environment/Lamp.prefab
  artifactKey: Guid(686325dee0e6ddf42a5d925842868a39) Importer(815301076,1909f56bfc062723c751e8b465ee728b)
Start importing Assets/Prefabs/Environment/Lamp.prefab using Guid(686325dee0e6ddf42a5d925842868a39) Importer(815301076,1909f56bfc062723c751e8b465ee728b)  -> (artifact id: 'c3599a11acf8dbb17a1e2646131ab272') in 0.012133 seconds 
========================================================================
Received Import Request.
  Time since last request: 7.414164 seconds.
  path: Assets/Prefabs/Environment/Lamp.prefab
  artifactKey: Guid(686325dee0e6ddf42a5d925842868a39) Importer(815301076,1909f56bfc062723c751e8b465ee728b)
Start importing Assets/Prefabs/Environment/Lamp.prefab using Guid(686325dee0e6ddf42a5d925842868a39) Importer(815301076,1909f56bfc062723c751e8b465ee728b)  -> (artifact id: '5170f36c12165dafb2886b31e74b700a') in 0.005419 seconds 
========================================================================
Received Import Request.
  Time since last request: 2.999532 seconds.
  path: Assets/Prefabs/Environment/Lamp.prefab
  artifactKey: Guid(686325dee0e6ddf42a5d925842868a39) Importer(815301076,1909f56bfc062723c751e8b465ee728b)
Start importing Assets/Prefabs/Environment/Lamp.prefab using Guid(686325dee0e6ddf42a5d925842868a39) Importer(815301076,1909f56bfc062723c751e8b465ee728b)  -> (artifact id: '397e3fc6e5d4d78b1627ce2eada55560') in 0.010348 seconds 
========================================================================
Received Import Request.
  Time since last request: 4.213955 seconds.
  path: Assets/Prefabs/Environment/Lamp.prefab
  artifactKey: Guid(686325dee0e6ddf42a5d925842868a39) Importer(815301076,1909f56bfc062723c751e8b465ee728b)
Start importing Assets/Prefabs/Environment/Lamp.prefab using Guid(686325dee0e6ddf42a5d925842868a39) Importer(815301076,1909f56bfc062723c751e8b465ee728b)  -> (artifact id: '772966d34abd25906a80f5bd608a0d11') in 0.006556 seconds 
========================================================================
Received Import Request.
  Time since last request: 7.075224 seconds.
  path: Assets/Prefabs/Environment/Lamp.prefab
  artifactKey: Guid(686325dee0e6ddf42a5d925842868a39) Importer(815301076,1909f56bfc062723c751e8b465ee728b)
Start importing Assets/Prefabs/Environment/Lamp.prefab using Guid(686325dee0e6ddf42a5d925842868a39) Importer(815301076,1909f56bfc062723c751e8b465ee728b)  -> (artifact id: 'b358720184118ebec5a498948516ab64') in 0.015515 seconds 
========================================================================
Received Import Request.
  Time since last request: 5.652333 seconds.
  path: Assets/Prefabs/Environment/Lamp.prefab
  artifactKey: Guid(686325dee0e6ddf42a5d925842868a39) Importer(815301076,1909f56bfc062723c751e8b465ee728b)
Start importing Assets/Prefabs/Environment/Lamp.prefab using Guid(686325dee0e6ddf42a5d925842868a39) Importer(815301076,1909f56bfc062723c751e8b465ee728b)  -> (artifact id: '59e935fc6f34a51968a213b9dba01b8f') in 0.017669 seconds 
========================================================================
Received Import Request.
  Time since last request: 4.096325 seconds.
  path: Assets/Prefabs/Environment/Lamp.prefab
  artifactKey: Guid(686325dee0e6ddf42a5d925842868a39) Importer(815301076,1909f56bfc062723c751e8b465ee728b)
Start importing Assets/Prefabs/Environment/Lamp.prefab using Guid(686325dee0e6ddf42a5d925842868a39) Importer(815301076,1909f56bfc062723c751e8b465ee728b)  -> (artifact id: '567ba9acc8b07f58b3dfc0cfdb3e94de') in 0.005537 seconds 
========================================================================
Received Import Request.
  Time since last request: 5.026165 seconds.
  path: Assets/Prefabs/Environment/Lamp.prefab
  artifactKey: Guid(686325dee0e6ddf42a5d925842868a39) Importer(815301076,1909f56bfc062723c751e8b465ee728b)
Start importing Assets/Prefabs/Environment/Lamp.prefab using Guid(686325dee0e6ddf42a5d925842868a39) Importer(815301076,1909f56bfc062723c751e8b465ee728b)  -> (artifact id: '961296dda3c9b97c18ad37d7d82ce18e') in 0.005647 seconds 
========================================================================
Received Import Request.
  Time since last request: 3.411423 seconds.
  path: Assets/Prefabs/Environment/Lamp.prefab
  artifactKey: Guid(686325dee0e6ddf42a5d925842868a39) Importer(815301076,1909f56bfc062723c751e8b465ee728b)
Start importing Assets/Prefabs/Environment/Lamp.prefab using Guid(686325dee0e6ddf42a5d925842868a39) Importer(815301076,1909f56bfc062723c751e8b465ee728b)  -> (artifact id: '2537dfe80890a84f4138d2d084f5d4fa') in 0.007483 seconds 
========================================================================
Received Prepare
Registering precompiled user dll's ...
Registered in 0.004789 seconds.
Begin MonoManager ReloadAssembly
Symbol file LoadedFromMemory doesn't match image C:\Users\ville\Documents\GitHub\FPSGame\FPSGame\Library\PackageCache\com.unity.visualscripting@1.8.0\Editor\VisualScripting.Core\Dependencies\YamlDotNet\Unity.VisualScripting.YamlDotNet.dll
Symbol file LoadedFromMemory doesn't match image C:\Users\ville\Documents\GitHub\FPSGame\FPSGame\Library\PackageCache\com.unity.visualscripting@1.8.0\Editor\VisualScripting.Core\Dependencies\DotNetZip\Unity.VisualScripting.IonicZip.dll
Native extension for WindowsStandalone target not found
Refreshing native plugins compatible for Editor in 0.71 ms, found 3 plugins.
Preloading 0 native plugins for Editor in 0.00 ms.
Mono: successfully reloaded assembly
- Completed reload, in  0.962 seconds
Domain Reload Profiling:
	ReloadAssembly (962ms)
		BeginReloadAssembly (122ms)
			ExecutionOrderSort (0ms)
			DisableScriptedObjects (3ms)
			BackupInstance (0ms)
			ReleaseScriptingObjects (0ms)
			CreateAndSetChildDomain (33ms)
		EndReloadAssembly (765ms)
			LoadAssemblies (74ms)
			RebuildTransferFunctionScriptingTraits (0ms)
			SetupTypeCache (189ms)
			ReleaseScriptCaches (1ms)
			RebuildScriptCaches (29ms)
			SetupLoadedEditorAssemblies (444ms)
				LogAssemblyErrors (0ms)
				InitializePlatformSupportModulesInManaged (6ms)
				SetLoadedEditorAssemblies (0ms)
				RefreshPlugins (1ms)
				BeforeProcessingInitializeOnLoad (54ms)
				ProcessInitializeOnLoadAttributes (356ms)
				ProcessInitializeOnLoadMethodAttributes (16ms)
				AfterProcessingInitializeOnLoad (11ms)
				EditorAssembliesLoaded (0ms)
			ExecutionOrderSort2 (0ms)
			AwakeInstancesAfterBackupRestoration (5ms)
Platform modules already initialized, skipping
Refreshing native plugins compatible for Editor in 2.20 ms, found 3 plugins.
Preloading 0 native plugins for Editor in 0.00 ms.
Unloading 3434 Unused Serialized files (Serialized files now loaded: 0)
Unloading 18 unused Assets / (80.0 KB). Loaded Objects now: 3959.
Memory consumption went from 127.9 MB to 127.8 MB.
Total: 3.180600 ms (FindLiveObjects: 0.211900 ms CreateObjectMapping: 0.106900 ms MarkObjects: 2.786800 ms  DeleteObjects: 0.074500 ms)

AssetImportParameters requested are different than current active one (requested -> active):
  custom:video-decoder-ogg-theora: a1e56fd34408186e4bbccfd4996cb3dc -> 
  custom:container-muxer-webm: aa71ff27fc2769a1b78a27578f13a17b -> 
  custom:container-demuxer-webm: 4f35f7cbe854078d1ac9338744f61a02 -> 
  custom:video-encoder-webm-vp8: eb34c28f22e8b96e1ab97ce403110664 -> 
  custom:audio-encoder-webm-vorbis: bf7c407c2cedff20999df2af8eb42d56 -> 
  custom:framework-win-MediaFoundation: 216162199b28c13a410421893ffa2e32 -> 
  custom:container-demuxer-ogg: 62fdf1f143b41e24485cea50d1cbac27 -> 
  custom:video-decoder-webm-vp8: 9c59270c3fd7afecdb556c50c9e8de78 -> 
  custom:audio-decoder-ogg-vorbis: bf7c407c2cedff20999df2af8eb42d56 -> 
========================================================================
Received Import Request.
  Time since last request: 295.048778 seconds.
  path: Assets/Input/PlayerInput.inputactions
  artifactKey: Guid(d2498aab959261c44aac1664071f7da5) Importer(815301076,1909f56bfc062723c751e8b465ee728b)
Start importing Assets/Input/PlayerInput.inputactions using Guid(d2498aab959261c44aac1664071f7da5) Importer(815301076,1909f56bfc062723c751e8b465ee728b)  -> (artifact id: 'cf3b7111650d3b91384c03f59b4daf7a') in 0.023797 seconds 
========================================================================
Received Import Request.
  Time since last request: 22.540129 seconds.
  path: Assets/Prefabs/Environment/Lamp.prefab
  artifactKey: Guid(686325dee0e6ddf42a5d925842868a39) Importer(815301076,1909f56bfc062723c751e8b465ee728b)
Start importing Assets/Prefabs/Environment/Lamp.prefab using Guid(686325dee0e6ddf42a5d925842868a39) Importer(815301076,1909f56bfc062723c751e8b465ee728b)  -> (artifact id: 'd3b106766f6c51d5396b575ec9194798') in 0.038489 seconds 
========================================================================
Received Import Request.
  Time since last request: 3.903845 seconds.
  path: Assets/Prefabs/Environment/Lamp.prefab
  artifactKey: Guid(686325dee0e6ddf42a5d925842868a39) Importer(815301076,1909f56bfc062723c751e8b465ee728b)
Start importing Assets/Prefabs/Environment/Lamp.prefab using Guid(686325dee0e6ddf42a5d925842868a39) Importer(815301076,1909f56bfc062723c751e8b465ee728b)  -> (artifact id: '6b4fdbc6d20322eed3fdda3007e85b5a') in 0.006159 seconds 
========================================================================
Received Import Request.
  Time since last request: 7.831327 seconds.
  path: Assets/Prefabs/Environment/Lamp.prefab
  artifactKey: Guid(686325dee0e6ddf42a5d925842868a39) Importer(815301076,1909f56bfc062723c751e8b465ee728b)
Start importing Assets/Prefabs/Environment/Lamp.prefab using Guid(686325dee0e6ddf42a5d925842868a39) Importer(815301076,1909f56bfc062723c751e8b465ee728b)  -> (artifact id: 'fc0d092342e06217cdffa95b0989df17') in 0.005260 seconds 
========================================================================
Received Import Request.
  Time since last request: 6.031740 seconds.
  path: Assets/Prefabs/Environment/Lamp.prefab
  artifactKey: Guid(686325dee0e6ddf42a5d925842868a39) Importer(815301076,1909f56bfc062723c751e8b465ee728b)
Start importing Assets/Prefabs/Environment/Lamp.prefab using Guid(686325dee0e6ddf42a5d925842868a39) Importer(815301076,1909f56bfc062723c751e8b465ee728b)  -> (artifact id: '34ac520fb121f20e3648742be3ec0163') in 0.008568 seconds 
========================================================================
Received Prepare
Registering precompiled user dll's ...
Registered in 0.004536 seconds.
Begin MonoManager ReloadAssembly
Symbol file LoadedFromMemory doesn't match image C:\Users\ville\Documents\GitHub\FPSGame\FPSGame\Library\PackageCache\com.unity.visualscripting@1.8.0\Editor\VisualScripting.Core\Dependencies\YamlDotNet\Unity.VisualScripting.YamlDotNet.dll
Symbol file LoadedFromMemory doesn't match image C:\Users\ville\Documents\GitHub\FPSGame\FPSGame\Library\PackageCache\com.unity.visualscripting@1.8.0\Editor\VisualScripting.Core\Dependencies\DotNetZip\Unity.VisualScripting.IonicZip.dll
Native extension for WindowsStandalone target not found
Refreshing native plugins compatible for Editor in 0.65 ms, found 3 plugins.
Preloading 0 native plugins for Editor in 0.00 ms.
Mono: successfully reloaded assembly
- Completed reload, in  0.935 seconds
Domain Reload Profiling:
	ReloadAssembly (935ms)
		BeginReloadAssembly (115ms)
			ExecutionOrderSort (0ms)
			DisableScriptedObjects (3ms)
			BackupInstance (0ms)
			ReleaseScriptingObjects (0ms)
			CreateAndSetChildDomain (29ms)
		EndReloadAssembly (746ms)
			LoadAssemblies (71ms)
			RebuildTransferFunctionScriptingTraits (0ms)
			SetupTypeCache (183ms)
			ReleaseScriptCaches (1ms)
			RebuildScriptCaches (27ms)
			SetupLoadedEditorAssemblies (432ms)
				LogAssemblyErrors (0ms)
				InitializePlatformSupportModulesInManaged (6ms)
				SetLoadedEditorAssemblies (0ms)
				RefreshPlugins (1ms)
				BeforeProcessingInitializeOnLoad (57ms)
				ProcessInitializeOnLoadAttributes (341ms)
				ProcessInitializeOnLoadMethodAttributes (16ms)
				AfterProcessingInitializeOnLoad (10ms)
				EditorAssembliesLoaded (0ms)
			ExecutionOrderSort2 (0ms)
			AwakeInstancesAfterBackupRestoration (6ms)
Platform modules already initialized, skipping
Refreshing native plugins compatible for Editor in 2.44 ms, found 3 plugins.
Preloading 0 native plugins for Editor in 0.00 ms.
Unloading 3434 Unused Serialized files (Serialized files now loaded: 0)
Unloading 18 unused Assets / (80.0 KB). Loaded Objects now: 3962.
Memory consumption went from 127.9 MB to 127.8 MB.
Total: 3.011800 ms (FindLiveObjects: 0.236400 ms CreateObjectMapping: 0.136600 ms MarkObjects: 2.549400 ms  DeleteObjects: 0.088800 ms)

AssetImportParameters requested are different than current active one (requested -> active):
  custom:video-decoder-ogg-theora: a1e56fd34408186e4bbccfd4996cb3dc -> 
  custom:container-muxer-webm: aa71ff27fc2769a1b78a27578f13a17b -> 
  custom:container-demuxer-webm: 4f35f7cbe854078d1ac9338744f61a02 -> 
  custom:video-encoder-webm-vp8: eb34c28f22e8b96e1ab97ce403110664 -> 
  custom:audio-encoder-webm-vorbis: bf7c407c2cedff20999df2af8eb42d56 -> 
  custom:framework-win-MediaFoundation: 216162199b28c13a410421893ffa2e32 -> 
  custom:container-demuxer-ogg: 62fdf1f143b41e24485cea50d1cbac27 -> 
  custom:video-decoder-webm-vp8: 9c59270c3fd7afecdb556c50c9e8de78 -> 
  custom:audio-decoder-ogg-vorbis: bf7c407c2cedff20999df2af8eb42d56 -> 
========================================================================
Received Prepare
Registering precompiled user dll's ...
Registered in 0.005378 seconds.
Begin MonoManager ReloadAssembly
Symbol file LoadedFromMemory doesn't match image C:\Users\ville\Documents\GitHub\FPSGame\FPSGame\Library\PackageCache\com.unity.visualscripting@1.8.0\Editor\VisualScripting.Core\Dependencies\YamlDotNet\Unity.VisualScripting.YamlDotNet.dll
Symbol file LoadedFromMemory doesn't match image C:\Users\ville\Documents\GitHub\FPSGame\FPSGame\Library\PackageCache\com.unity.visualscripting@1.8.0\Editor\VisualScripting.Core\Dependencies\DotNetZip\Unity.VisualScripting.IonicZip.dll
Native extension for WindowsStandalone target not found
Refreshing native plugins compatible for Editor in 0.59 ms, found 3 plugins.
Preloading 0 native plugins for Editor in 0.00 ms.
Mono: successfully reloaded assembly
- Completed reload, in  0.899 seconds
Domain Reload Profiling:
	ReloadAssembly (899ms)
		BeginReloadAssembly (111ms)
			ExecutionOrderSort (0ms)
			DisableScriptedObjects (4ms)
			BackupInstance (0ms)
			ReleaseScriptingObjects (0ms)
			CreateAndSetChildDomain (27ms)
		EndReloadAssembly (717ms)
			LoadAssemblies (68ms)
			RebuildTransferFunctionScriptingTraits (0ms)
			SetupTypeCache (177ms)
			ReleaseScriptCaches (1ms)
			RebuildScriptCaches (29ms)
			SetupLoadedEditorAssemblies (413ms)
				LogAssemblyErrors (0ms)
				InitializePlatformSupportModulesInManaged (5ms)
				SetLoadedEditorAssemblies (0ms)
				RefreshPlugins (1ms)
				BeforeProcessingInitializeOnLoad (53ms)
				ProcessInitializeOnLoadAttributes (329ms)
				ProcessInitializeOnLoadMethodAttributes (14ms)
				AfterProcessingInitializeOnLoad (11ms)
				EditorAssembliesLoaded (0ms)
			ExecutionOrderSort2 (0ms)
			AwakeInstancesAfterBackupRestoration (5ms)
Platform modules already initialized, skipping
Refreshing native plugins compatible for Editor in 2.17 ms, found 3 plugins.
Preloading 0 native plugins for Editor in 0.00 ms.
Unloading 3434 Unused Serialized files (Serialized files now loaded: 0)
Unloading 18 unused Assets / (80.2 KB). Loaded Objects now: 3965.
Memory consumption went from 127.9 MB to 127.8 MB.
Total: 3.633700 ms (FindLiveObjects: 0.274100 ms CreateObjectMapping: 0.236600 ms MarkObjects: 3.030200 ms  DeleteObjects: 0.092200 ms)

AssetImportParameters requested are different than current active one (requested -> active):
  custom:video-decoder-ogg-theora: a1e56fd34408186e4bbccfd4996cb3dc -> 
  custom:container-muxer-webm: aa71ff27fc2769a1b78a27578f13a17b -> 
  custom:container-demuxer-webm: 4f35f7cbe854078d1ac9338744f61a02 -> 
  custom:video-encoder-webm-vp8: eb34c28f22e8b96e1ab97ce403110664 -> 
  custom:audio-encoder-webm-vorbis: bf7c407c2cedff20999df2af8eb42d56 -> 
  custom:framework-win-MediaFoundation: 216162199b28c13a410421893ffa2e32 -> 
  custom:container-demuxer-ogg: 62fdf1f143b41e24485cea50d1cbac27 -> 
  custom:video-decoder-webm-vp8: 9c59270c3fd7afecdb556c50c9e8de78 -> 
  custom:audio-decoder-ogg-vorbis: bf7c407c2cedff20999df2af8eb42d56 -> 
