Using pre-set license
Built from '2021.3/staging' branch; Version is '2021.3.23f1 (213b516bf396) revision 2177873'; Using compiler version '192829333'; Build Type 'Release'
OS: 'Windows 10  (10.0.19045) 64bit Core' Language: 'en' Physical Memory: 32694 MB
BatchMode: 1, IsHumanControllingUs: 0, StartBugReporterOnCrash: 0, Is64bit: 1, IsPro: 1

COMMAND LINE ARGUMENTS:
C:\Program Files\Unity\Hub\Editor\2021.3.23f1\Editor\Unity.exe
-adb2
-batchMode
-noUpm
-name
AssetImportWorker0
-projectPath
C:/Users/ville/Documents/GitHub/FPSGame/FPSGame
-logFile
Logs/AssetImportWorker0.log
-srvPort
50508
Successfully changed project path to: C:/Users/ville/Documents/GitHub/FPSGame/FPSGame
C:/Users/ville/Documents/GitHub/FPSGame/FPSGame
[UnityMemory] Configuration Parameters - Can be set up in boot.config
    "memorysetup-bucket-allocator-granularity=16"
    "memorysetup-bucket-allocator-bucket-count=8"
    "memorysetup-bucket-allocator-block-size=33554432"
    "memorysetup-bucket-allocator-block-count=8"
    "memorysetup-main-allocator-block-size=16777216"
    "memorysetup-thread-allocator-block-size=16777216"
    "memorysetup-gfx-main-allocator-block-size=16777216"
    "memorysetup-gfx-thread-allocator-block-size=16777216"
    "memorysetup-cache-allocator-block-size=4194304"
    "memorysetup-typetree-allocator-block-size=2097152"
    "memorysetup-profiler-bucket-allocator-granularity=16"
    "memorysetup-profiler-bucket-allocator-bucket-count=8"
    "memorysetup-profiler-bucket-allocator-block-size=33554432"
    "memorysetup-profiler-bucket-allocator-block-count=8"
    "memorysetup-profiler-allocator-block-size=16777216"
    "memorysetup-profiler-editor-allocator-block-size=1048576"
    "memorysetup-temp-allocator-size-main=16777216"
    "memorysetup-job-temp-allocator-block-size=2097152"
    "memorysetup-job-temp-allocator-block-size-background=1048576"
    "memorysetup-job-temp-allocator-reduction-small-platforms=262144"
    "memorysetup-temp-allocator-size-background-worker=32768"
    "memorysetup-temp-allocator-size-job-worker=262144"
    "memorysetup-temp-allocator-size-preload-manager=33554432"
    "memorysetup-temp-allocator-size-nav-mesh-worker=65536"
    "memorysetup-temp-allocator-size-audio-worker=65536"
    "memorysetup-temp-allocator-size-cloud-worker=32768"
    "memorysetup-temp-allocator-size-gi-baking-worker=262144"
    "memorysetup-temp-allocator-size-gfx=262144"
Player connection [11148] Host "[IP] 192.168.68.131 [Port] 0 [Flags] 2 [Guid] 151787380 [EditorId] 151787380 [Version] 1048832 [Id] WindowsEditor(7,DESKTOP-KM66OTU) [Debug] 1 [PackageName] WindowsEditor [ProjectName] Editor" joined multi-casting on [225.0.0.222:54997]...

Player connection [11148] Host "[IP] 192.168.68.131 [Port] 0 [Flags] 2 [Guid] 151787380 [EditorId] 151787380 [Version] 1048832 [Id] WindowsEditor(7,DESKTOP-KM66OTU) [Debug] 1 [PackageName] WindowsEditor [ProjectName] Editor" joined alternative multi-casting on [225.0.0.222:34997]...

Refreshing native plugins compatible for Editor in 63.91 ms, found 3 plugins.
Preloading 0 native plugins for Editor in 0.00 ms.
Initialize engine version: 2021.3.23f1 (213b516bf396)
[Subsystems] Discovering subsystems at path C:/Program Files/Unity/Hub/Editor/2021.3.23f1/Editor/Data/Resources/UnitySubsystems
[Subsystems] Discovering subsystems at path C:/Users/ville/Documents/GitHub/FPSGame/FPSGame/Assets
GfxDevice: creating device client; threaded=0; jobified=0
Direct3D:
    Version:  Direct3D 11.0 [level 11.1]
    Renderer: NVIDIA GeForce RTX 3080 Ti (ID=0x2208)
    Vendor:   NVIDIA
    VRAM:     12100 MB
    Driver:   31.0.15.3623
Initialize mono
Mono path[0] = 'C:/Program Files/Unity/Hub/Editor/2021.3.23f1/Editor/Data/Managed'
Mono path[1] = 'C:/Program Files/Unity/Hub/Editor/2021.3.23f1/Editor/Data/MonoBleedingEdge/lib/mono/unityjit-win32'
Mono config path = 'C:/Program Files/Unity/Hub/Editor/2021.3.23f1/Editor/Data/MonoBleedingEdge/etc'
Using monoOptions --debugger-agent=transport=dt_socket,embedding=1,server=y,suspend=n,address=127.0.0.1:56472
Begin MonoManager ReloadAssembly
Registering precompiled unity dll's ...
Register platform support module: C:/Program Files/Unity/Hub/Editor/2021.3.23f1/Editor/Data/PlaybackEngines/WindowsStandaloneSupport/UnityEditor.WindowsStandalone.Extensions.dll
Registered in 0.006764 seconds.
Native extension for WindowsStandalone target not found
Refreshing native plugins compatible for Editor in 65.36 ms, found 3 plugins.
Preloading 0 native plugins for Editor in 0.00 ms.
Mono: successfully reloaded assembly
- Completed reload, in  0.466 seconds
Domain Reload Profiling:
	ReloadAssembly (466ms)
		BeginReloadAssembly (66ms)
			ExecutionOrderSort (0ms)
			DisableScriptedObjects (0ms)
			BackupInstance (0ms)
			ReleaseScriptingObjects (0ms)
			CreateAndSetChildDomain (1ms)
		EndReloadAssembly (324ms)
			LoadAssemblies (64ms)
			RebuildTransferFunctionScriptingTraits (0ms)
			SetupTypeCache (68ms)
			ReleaseScriptCaches (0ms)
			RebuildScriptCaches (18ms)
			SetupLoadedEditorAssemblies (201ms)
				LogAssemblyErrors (0ms)
				InitializePlatformSupportModulesInManaged (6ms)
				SetLoadedEditorAssemblies (0ms)
				RefreshPlugins (65ms)
				BeforeProcessingInitializeOnLoad (1ms)
				ProcessInitializeOnLoadAttributes (97ms)
				ProcessInitializeOnLoadMethodAttributes (31ms)
				AfterProcessingInitializeOnLoad (0ms)
				EditorAssembliesLoaded (0ms)
			ExecutionOrderSort2 (0ms)
			AwakeInstancesAfterBackupRestoration (0ms)
Platform modules already initialized, skipping
Registering precompiled user dll's ...
Registered in 0.005494 seconds.
Begin MonoManager ReloadAssembly
Symbol file LoadedFromMemory doesn't match image C:\Users\ville\Documents\GitHub\FPSGame\FPSGame\Library\PackageCache\com.unity.visualscripting@1.8.0\Editor\VisualScripting.Core\Dependencies\YamlDotNet\Unity.VisualScripting.YamlDotNet.dll
Symbol file LoadedFromMemory doesn't match image C:\Users\ville\Documents\GitHub\FPSGame\FPSGame\Library\PackageCache\com.unity.visualscripting@1.8.0\Editor\VisualScripting.Core\Dependencies\DotNetZip\Unity.VisualScripting.IonicZip.dll
Native extension for WindowsStandalone target not found
Refreshing native plugins compatible for Editor in 67.79 ms, found 3 plugins.
Preloading 0 native plugins for Editor in 0.00 ms.
Mono: successfully reloaded assembly
- Completed reload, in  0.951 seconds
Domain Reload Profiling:
	ReloadAssembly (951ms)
		BeginReloadAssembly (88ms)
			ExecutionOrderSort (0ms)
			DisableScriptedObjects (4ms)
			BackupInstance (0ms)
			ReleaseScriptingObjects (0ms)
			CreateAndSetChildDomain (14ms)
		EndReloadAssembly (784ms)
			LoadAssemblies (67ms)
			RebuildTransferFunctionScriptingTraits (0ms)
			SetupTypeCache (175ms)
			ReleaseScriptCaches (1ms)
			RebuildScriptCaches (32ms)
			SetupLoadedEditorAssemblies (489ms)
				LogAssemblyErrors (0ms)
				InitializePlatformSupportModulesInManaged (4ms)
				SetLoadedEditorAssemblies (0ms)
				RefreshPlugins (68ms)
				BeforeProcessingInitializeOnLoad (67ms)
				ProcessInitializeOnLoadAttributes (331ms)
				ProcessInitializeOnLoadMethodAttributes (11ms)
				AfterProcessingInitializeOnLoad (8ms)
				EditorAssembliesLoaded (0ms)
			ExecutionOrderSort2 (0ms)
			AwakeInstancesAfterBackupRestoration (4ms)
Platform modules already initialized, skipping
========================================================================
Worker process is ready to serve import requests
Launched and connected shader compiler UnityShaderCompiler.exe after 0.03 seconds
Refreshing native plugins compatible for Editor in 0.58 ms, found 3 plugins.
Preloading 0 native plugins for Editor in 0.00 ms.
Unloading 3452 Unused Serialized files (Serialized files now loaded: 0)
Unloading 27 unused Assets / (113.5 KB). Loaded Objects now: 3914.
Memory consumption went from 124.8 MB to 124.7 MB.
Total: 2.769700 ms (FindLiveObjects: 0.214800 ms CreateObjectMapping: 0.081700 ms MarkObjects: 2.392500 ms  DeleteObjects: 0.080100 ms)

AssetImportParameters requested are different than current active one (requested -> active):
  custom:video-decoder-ogg-theora: a1e56fd34408186e4bbccfd4996cb3dc -> 
  custom:container-muxer-webm: aa71ff27fc2769a1b78a27578f13a17b -> 
  custom:container-demuxer-webm: 4f35f7cbe854078d1ac9338744f61a02 -> 
  custom:video-encoder-webm-vp8: eb34c28f22e8b96e1ab97ce403110664 -> 
  custom:audio-encoder-webm-vorbis: bf7c407c2cedff20999df2af8eb42d56 -> 
  custom:framework-win-MediaFoundation: 216162199b28c13a410421893ffa2e32 -> 
  custom:container-demuxer-ogg: 62fdf1f143b41e24485cea50d1cbac27 -> 
  custom:video-decoder-webm-vp8: 9c59270c3fd7afecdb556c50c9e8de78 -> 
  custom:audio-decoder-ogg-vorbis: bf7c407c2cedff20999df2af8eb42d56 -> 
========================================================================
Received Import Request.
  Time since last request: 152400.805991 seconds.
  path: Assets/Prefabs
  artifactKey: Guid(5fb134c8c95d3b7499fa9da3683556fb) Importer(815301076,1909f56bfc062723c751e8b465ee728b)
Start importing Assets/Prefabs using Guid(5fb134c8c95d3b7499fa9da3683556fb) Importer(815301076,1909f56bfc062723c751e8b465ee728b)  -> (artifact id: '79366715b789e851ecc812d759ec9083') in 0.010741 seconds 
========================================================================
Received Import Request.
  Time since last request: 0.000014 seconds.
  path: Assets/Prefabs/Player.prefab
  artifactKey: Guid(fe24b57c2dfff7c4fbd6c96ef075d08e) Importer(815301076,1909f56bfc062723c751e8b465ee728b)
Start importing Assets/Prefabs/Player.prefab using Guid(fe24b57c2dfff7c4fbd6c96ef075d08e) Importer(815301076,1909f56bfc062723c751e8b465ee728b)  -> (artifact id: 'c785448997d9f28270c9305999fab97f') in 0.089413 seconds 
========================================================================
Received Import Request.
  Time since last request: 5.381221 seconds.
  path: Assets/Prefabs/Environment
  artifactKey: Guid(adc920aed39c65f4090b2cf8577ad5b6) Importer(815301076,1909f56bfc062723c751e8b465ee728b)
Start importing Assets/Prefabs/Environment using Guid(adc920aed39c65f4090b2cf8577ad5b6) Importer(815301076,1909f56bfc062723c751e8b465ee728b)  -> (artifact id: 'afd7913eb35c88597f66d19c2c09a6dc') in 0.006096 seconds 
========================================================================
Received Import Request.
  Time since last request: 54.708237 seconds.
  path: Assets/Prefabs/Environment/Lamp.prefab
  artifactKey: Guid(686325dee0e6ddf42a5d925842868a39) Importer(815301076,1909f56bfc062723c751e8b465ee728b)
Start importing Assets/Prefabs/Environment/Lamp.prefab using Guid(686325dee0e6ddf42a5d925842868a39) Importer(815301076,1909f56bfc062723c751e8b465ee728b)  -> (artifact id: '11fef4e74418cb2ccc024fa07b8921e7') in 0.006980 seconds 
========================================================================
Received Import Request.
  Time since last request: 6.473538 seconds.
  path: Assets/Prefabs/Environment/Lamp.prefab
  artifactKey: Guid(686325dee0e6ddf42a5d925842868a39) Importer(815301076,1909f56bfc062723c751e8b465ee728b)
Start importing Assets/Prefabs/Environment/Lamp.prefab using Guid(686325dee0e6ddf42a5d925842868a39) Importer(815301076,1909f56bfc062723c751e8b465ee728b)  -> (artifact id: '09be2259f25b0939e38b9c31e001038c') in 0.002551 seconds 
========================================================================
Received Import Request.
  Time since last request: 6.590125 seconds.
  path: Assets/Prefabs/Environment/Lamp.prefab
  artifactKey: Guid(686325dee0e6ddf42a5d925842868a39) Importer(815301076,1909f56bfc062723c751e8b465ee728b)
Start importing Assets/Prefabs/Environment/Lamp.prefab using Guid(686325dee0e6ddf42a5d925842868a39) Importer(815301076,1909f56bfc062723c751e8b465ee728b)  -> (artifact id: '96c76c303851a9291ee1b42849db02fe') in 0.014966 seconds 
========================================================================
Received Import Request.
  Time since last request: 7.975401 seconds.
  path: Assets/Prefabs/Environment/Lamp.prefab
  artifactKey: Guid(686325dee0e6ddf42a5d925842868a39) Importer(815301076,1909f56bfc062723c751e8b465ee728b)
Start importing Assets/Prefabs/Environment/Lamp.prefab using Guid(686325dee0e6ddf42a5d925842868a39) Importer(815301076,1909f56bfc062723c751e8b465ee728b)  -> (artifact id: '8302fb200bef0c6548fd9fb21f6392e4') in 0.015019 seconds 
========================================================================
Received Import Request.
  Time since last request: 14.003352 seconds.
  path: Assets/Prefabs/Environment/Lamp.prefab
  artifactKey: Guid(686325dee0e6ddf42a5d925842868a39) Importer(815301076,1909f56bfc062723c751e8b465ee728b)
Start importing Assets/Prefabs/Environment/Lamp.prefab using Guid(686325dee0e6ddf42a5d925842868a39) Importer(815301076,1909f56bfc062723c751e8b465ee728b)  -> (artifact id: '8af5fa34318a2a19ca6c960a9fc62d01') in 0.010240 seconds 
========================================================================
Received Import Request.
  Time since last request: 7.013979 seconds.
  path: Assets/Prefabs/Environment/Lamp.prefab
  artifactKey: Guid(686325dee0e6ddf42a5d925842868a39) Importer(815301076,1909f56bfc062723c751e8b465ee728b)
Start importing Assets/Prefabs/Environment/Lamp.prefab using Guid(686325dee0e6ddf42a5d925842868a39) Importer(815301076,1909f56bfc062723c751e8b465ee728b)  -> (artifact id: '03756d2cfd255162da752af12c670312') in 0.011674 seconds 
========================================================================
Received Import Request.
  Time since last request: 2.197612 seconds.
  path: Assets/Prefabs/Environment/Lamp.prefab
  artifactKey: Guid(686325dee0e6ddf42a5d925842868a39) Importer(815301076,1909f56bfc062723c751e8b465ee728b)
Start importing Assets/Prefabs/Environment/Lamp.prefab using Guid(686325dee0e6ddf42a5d925842868a39) Importer(815301076,1909f56bfc062723c751e8b465ee728b)  -> (artifact id: 'af52406174a45213e66f68f593504f9c') in 0.008462 seconds 
========================================================================
Received Import Request.
  Time since last request: 8.056059 seconds.
  path: Assets/Prefabs/Environment/Lamp.prefab
  artifactKey: Guid(686325dee0e6ddf42a5d925842868a39) Importer(815301076,1909f56bfc062723c751e8b465ee728b)
Start importing Assets/Prefabs/Environment/Lamp.prefab using Guid(686325dee0e6ddf42a5d925842868a39) Importer(815301076,1909f56bfc062723c751e8b465ee728b)  -> (artifact id: '585e39d24f4ca5846df462299e858110') in 0.009522 seconds 
========================================================================
Received Import Request.
  Time since last request: 10.543546 seconds.
  path: Assets/Prefabs/Environment/Lamp.prefab
  artifactKey: Guid(686325dee0e6ddf42a5d925842868a39) Importer(815301076,1909f56bfc062723c751e8b465ee728b)
Start importing Assets/Prefabs/Environment/Lamp.prefab using Guid(686325dee0e6ddf42a5d925842868a39) Importer(815301076,1909f56bfc062723c751e8b465ee728b)  -> (artifact id: 'e4b4993571879dbbfc1b85efe15e9470') in 0.012585 seconds 
========================================================================
Received Import Request.
  Time since last request: 5.062738 seconds.
  path: Assets/Prefabs/Environment/Lamp.prefab
  artifactKey: Guid(686325dee0e6ddf42a5d925842868a39) Importer(815301076,1909f56bfc062723c751e8b465ee728b)
Start importing Assets/Prefabs/Environment/Lamp.prefab using Guid(686325dee0e6ddf42a5d925842868a39) Importer(815301076,1909f56bfc062723c751e8b465ee728b)  -> (artifact id: '017f48a59aa4db9458ad8eefcfc7072b') in 0.005131 seconds 
========================================================================
Received Import Request.
  Time since last request: 2.380096 seconds.
  path: Assets/Prefabs/Environment/Lamp.prefab
  artifactKey: Guid(686325dee0e6ddf42a5d925842868a39) Importer(815301076,1909f56bfc062723c751e8b465ee728b)
Start importing Assets/Prefabs/Environment/Lamp.prefab using Guid(686325dee0e6ddf42a5d925842868a39) Importer(815301076,1909f56bfc062723c751e8b465ee728b)  -> (artifact id: 'f270a7de0ab8811cdef83f6f9194dd50') in 0.004998 seconds 
========================================================================
Received Import Request.
  Time since last request: 60.971962 seconds.
  path: Assets/Materials/Damage.mat
  artifactKey: Guid(9855fdf6c4bfcd5489514a0ba116c067) Importer(815301076,1909f56bfc062723c751e8b465ee728b)
Start importing Assets/Materials/Damage.mat using Guid(9855fdf6c4bfcd5489514a0ba116c067) Importer(815301076,1909f56bfc062723c751e8b465ee728b)  -> (artifact id: '9244dee8b4247d54f2514ef860dc3937') in 0.025500 seconds 
========================================================================
Received Import Request.
  Time since last request: 0.000018 seconds.
  path: Assets/Materials/Obsticle.mat
  artifactKey: Guid(1554b88bb07ed8f4fa7a29c41e239bfd) Importer(815301076,1909f56bfc062723c751e8b465ee728b)
Start importing Assets/Materials/Obsticle.mat using Guid(1554b88bb07ed8f4fa7a29c41e239bfd) Importer(815301076,1909f56bfc062723c751e8b465ee728b)  -> (artifact id: '62df22cf831218e9c52d19ff15e20804') in 0.020296 seconds 
========================================================================
Received Import Request.
  Time since last request: 0.000014 seconds.
  path: Assets/Materials/Heal.mat
  artifactKey: Guid(83358edee81a6114999f9266eb1cbab7) Importer(815301076,1909f56bfc062723c751e8b465ee728b)
Start importing Assets/Materials/Heal.mat using Guid(83358edee81a6114999f9266eb1cbab7) Importer(815301076,1909f56bfc062723c751e8b465ee728b)  -> (artifact id: '8c8896562d6840fc2ee3723fcf6b7928') in 0.011528 seconds 
========================================================================
Received Import Request.
  Time since last request: 0.000013 seconds.
  path: Assets/Materials/Teleport.mat
  artifactKey: Guid(6b0091c626eacd244a17055aa17aa263) Importer(815301076,1909f56bfc062723c751e8b465ee728b)
Start importing Assets/Materials/Teleport.mat using Guid(6b0091c626eacd244a17055aa17aa263) Importer(815301076,1909f56bfc062723c751e8b465ee728b)  -> (artifact id: 'b5ec4502fbf4ab028713de4b3f93dbf7') in 0.013992 seconds 
========================================================================
Received Import Request.
  Time since last request: 0.000021 seconds.
  path: Assets/Materials/Player.mat
  artifactKey: Guid(7cea201287542254299ac0b1aa7498e8) Importer(815301076,1909f56bfc062723c751e8b465ee728b)
Start importing Assets/Materials/Player.mat using Guid(7cea201287542254299ac0b1aa7498e8) Importer(815301076,1909f56bfc062723c751e8b465ee728b)  -> (artifact id: '2e0030bbf56950796b6b9c20604537dd') in 0.039902 seconds 
========================================================================
Received Import Request.
  Time since last request: 0.000016 seconds.
  path: Assets/Materials/Floor.mat
  artifactKey: Guid(de21a4f13c190f9449586b5bb4aa9c17) Importer(815301076,1909f56bfc062723c751e8b465ee728b)
Start importing Assets/Materials/Floor.mat using Guid(de21a4f13c190f9449586b5bb4aa9c17) Importer(815301076,1909f56bfc062723c751e8b465ee728b)  -> (artifact id: 'd6bdefd591736a3db3525bbfd19bbb46') in 0.017728 seconds 
========================================================================
Received Import Request.
  Time since last request: 0.352091 seconds.
  path: Assets/Materials
  artifactKey: Guid(29c4792f245057e4f9a6d188f662bcf4) Importer(815301076,1909f56bfc062723c751e8b465ee728b)
Start importing Assets/Materials using Guid(29c4792f245057e4f9a6d188f662bcf4) Importer(815301076,1909f56bfc062723c751e8b465ee728b)  -> (artifact id: '00de4de8c23521db452bef8b4270e844') in 0.006759 seconds 
Editor requested this worker to shutdown with reason: Scaling down because of idle timeout
AssetImportWorker is now disconnected from the server
Process exiting
Exiting without the bug reporter. Application will terminate with return code 0